[2015-07-09 18:17:54] START
[2015-07-09 18:30:51] EDIT CabanasDonAurelio/models/db.py: 3
[2015-07-09 23:48:08] EDIT CabanasDonAurelio/models/menu.py: -23
[2015-07-09 23:49:45] EDIT CabanasDonAurelio/models/menu.py: 0
[2015-07-09 23:50:35] EDIT CabanasDonAurelio/models/menu.py: 0
[2015-07-09 23:53:09] EDIT CabanasDonAurelio/models/menu.py: 0
[2015-07-09 23:53:53] EDIT CabanasDonAurelio/models/menu.py: -4
[2015-07-09 23:55:09] EDIT CabanasDonAurelio/models/menu.py: 2
[2015-07-10 00:06:37] EDIT CabanasDonAurelio/models/menu.py: 0
[2015-07-10 00:15:10] EDIT CabanasDonAurelio/models/menu.py: -61
[2015-07-11 18:27:14] CREATE usuario.py: 0
[2015-07-11 18:27:28] DELETE CabanasDonAurelio/models/usuario.py: 0
[2015-07-11 18:27:40] CREATE usuario.py: 0
[2015-07-11 18:28:32] CREATE usuario/info.html: 0
[2015-07-11 18:29:54] EDIT CabanasDonAurelio/controllers/usuario.py: 2
[2015-07-11 18:30:00] EDIT CabanasDonAurelio/views/usuario/info.html: 0
[2015-07-11 18:30:49] EDIT CabanasDonAurelio/views/usuario/info.html: 0
[2015-07-11 18:32:12] EDIT CabanasDonAurelio/views/usuario/info.html: 20
[2015-07-11 19:06:54] EDIT CabanasDonAurelio/views/usuario/info.html: 22
[2015-07-11 19:08:13] EDIT CabanasDonAurelio/views/usuario/info.html: 0
[2015-07-11 19:11:33] EDIT CabanasDonAurelio/views/usuario/info.html: 0
[2015-07-11 19:15:24] EDIT CabanasDonAurelio/views/usuario/info.html: -6
[2015-07-11 19:17:06] EDIT CabanasDonAurelio/views/usuario/info.html: -1
[2015-07-11 19:17:27] EDIT CabanasDonAurelio/views/usuario/info.html: 0
[2015-07-11 19:22:16] EDIT CabanasDonAurelio/views/usuario/info.html: 0
[2015-07-11 19:26:48] EDIT CabanasDonAurelio/views/usuario/info.html: -9
[2015-07-11 19:31:58] EDIT CabanasDonAurelio/views/usuario/info.html: 9
[2015-07-11 19:32:46] EDIT CabanasDonAurelio/views/usuario/info.html: 0
[2015-07-11 19:35:02] EDIT CabanasDonAurelio/views/usuario/info.html: 0
[2015-07-11 19:39:20] EDIT CabanasDonAurelio/views/usuario/info.html: 0
[2015-07-11 19:49:37] EDIT CabanasDonAurelio/views/usuario/info.html: 2
[2015-07-11 19:50:31] EDIT CabanasDonAurelio/views/usuario/info.html: 0
[2015-07-11 19:54:17] EDIT CabanasDonAurelio/views/usuario/info.html: 0
[2015-07-11 19:54:51] EDIT CabanasDonAurelio/views/usuario/info.html: 0
[2015-07-11 19:55:13] EDIT CabanasDonAurelio/views/usuario/info.html: 0
[2015-07-11 19:57:15] EDIT CabanasDonAurelio/views/usuario/info.html: 1
[2015-07-11 19:57:41] EDIT CabanasDonAurelio/views/usuario/info.html: 0
[2015-07-11 19:58:36] EDIT CabanasDonAurelio/views/usuario/info.html: 0
[2015-07-11 19:58:48] EDIT CabanasDonAurelio/views/usuario/info.html: 0
[2015-07-11 19:59:00] EDIT CabanasDonAurelio/views/usuario/info.html: 0
[2015-07-11 20:09:35] EDIT CabanasDonAurelio/views/usuario/info.html: 5
[2015-07-11 20:10:06] EDIT CabanasDonAurelio/views/usuario/info.html: 0
[2015-07-11 20:12:31] EDIT CabanasDonAurelio/views/usuario/info.html: 0
[2015-07-11 20:13:18] EDIT CabanasDonAurelio/views/usuario/info.html: 0
[2015-07-11 20:15:13] EDIT CabanasDonAurelio/views/usuario/info.html: 0
[2015-07-11 20:15:53] EDIT CabanasDonAurelio/views/usuario/info.html: 0
[2015-07-11 20:16:08] EDIT CabanasDonAurelio/views/usuario/info.html: 0
[2015-07-11 20:17:16] EDIT CabanasDonAurelio/views/usuario/info.html: 1
[2015-07-11 20:23:48] EDIT CabanasDonAurelio/views/usuario/info.html: 4
[2015-07-11 20:24:15] EDIT CabanasDonAurelio/views/usuario/info.html: -4
[2015-07-11 20:28:44] EDIT CabanasDonAurelio/views/usuario/info.html: -4
[2015-07-11 20:32:32] EDIT CabanasDonAurelio/views/usuario/info.html: 4
[2015-07-11 20:36:17] EDIT CabanasDonAurelio/views/usuario/info.html: 6
[2015-07-11 20:39:26] EDIT CabanasDonAurelio/views/usuario/info.html: -6
[2015-07-11 20:39:44] EDIT CabanasDonAurelio/views/usuario/info.html: 0
[2015-07-11 20:40:34] EDIT CabanasDonAurelio/views/usuario/info.html: 0
